Arguments: 
  C:\Program Files\nodejs\node.exe C:\Users\user\AppData\Roaming\npm\node_modules\yarn\bin\yarn.js install

PATH: 
  C:\Program Files\Common Files\Oracle\Java\javapath;C:\PROGRA~2\Borland\CBUILD~1\Bin;C:\PROGRA~2\Borland\CBUILD~1\Projects\Bpl;C:\WINDOWS\system32;C:\WINDOWS;C:\WINDOWS\System32\Wbem;C:\WINDOWS\System32\WindowsPowerShell\v1.0\;C:\WINDOWS\System32\OpenSSH\;C:\Program Files\Git\cmd;C:\Program Files\nodejs\;C:\Program Files (x86)\MySQL\MySQL Server 5.1\bin;C:\Users\user\AppData\Local\Microsoft\WindowsApps;C:\Users\user\AppData\Local\Programs\Microsoft VS Code\bin;C:\Users\user\AppData\Local\GitHubDesktop\bin;C:\Users\user\AppData\Roaming\npm;

Yarn version: 
  1.22.19

Node version: 
  18.16.0

Platform: 
  win32 x64

Trace: 
  SyntaxError: D:\works\middle-forntend-project\package.json: Unexpected token } in JSON at position 1299
      at JSON.parse (<anonymous>)
      at C:\Users\user\AppData\Roaming\npm\node_modules\yarn\lib\cli.js:1629:59
      at Generator.next (<anonymous>)
      at step (C:\Users\user\AppData\Roaming\npm\node_modules\yarn\lib\cli.js:310:30)
      at C:\Users\user\AppData\Roaming\npm\node_modules\yarn\lib\cli.js:321:13

npm manifest: 
  {
    "name": "middle-frontend-project",
    "version": "1.0.0",
    "description": "",
    "main": "index.js",
    "scripts": {
      "start": "webpack serve --env port=3000",
      "build:prod": "webpack --env mode=production",
      "build:dev": "webpack --env mode=development"
    },
    "repository": {
      "type": "git",
      "url": "git+https://github.com/utimur/production_project_code_source.git"
    },
    "keywords": [],
    "author": "",
    "license": "ISC",
    "bugs": {
      "url": "https://github.com/utimur/production_project_code_source/issues"
    },
    "homepage": "https://github.com/utimur/production_project_code_source#readme",
    "devDependencies": {
      "@types/node": "^17.0.21",
      "@types/react": "^17.0.39",
      "@types/react-dom": "^17.0.11",
      "@types/react-router-dom": "^5.3.3",
      "@types/webpack": "^5.28.0",
      "@types/webpack-dev-server": "^4.7.2",
      "css-loader": "^6.9.1",
      "html-webpack-plugin": "^5.5.0",
      "mini-css-extract-plugin": "^2.7.7",
      "sass": "^1.70.0",
      "sass-loader": "^14.0.0",
      "style-loader": "^3.3.4",
      "ts-loader": "^9.2.6",
      "ts-node": "^10.5.0",
      "typescript": "^4.5.5",
      "webpack": "^5.90.0",
      "webpack-cli": "^4.10.0",
      "webpack-dev-server": "^4.7.4"
    },
    "dependencies": {
      "react": "^17.0.2",
      "react-dom": "^17.0.2",
    }
  }

yarn manifest: 
  No manifest

Lockfile: 
  No lockfile
